2020-05-01 12:31:50,327:WARNING:discord.client: PyNaCl is not installed, voice will NOT be supported
2020-05-01 12:31:50,328:DEBUG:discord.client: on_command_error has successfully been registered as an event
2020-05-01 12:31:50,328:INFO:discord.client: logging in using static token
2020-05-01 12:31:50,688:DEBUG:discord.http: GET https://discordapp.com/api/v7/users/@me with None has returned 200
2020-05-01 12:31:50,689:DEBUG:discord.http: GET https://discordapp.com/api/v7/users/@me has received {'id': '684062130386894970', 'username': 'Andrzej BOT', 'avatar': '0a12198391222729a3d6f667eaa6aab0', 'discriminator': '6110', 'public_flags': 0, 'flags': 0, 'bot': True, 'email': None, 'verified': True, 'locale': 'en-US', 'mfa_enabled': False}
2020-05-01 12:31:50,751:DEBUG:discord.http: GET https://discordapp.com/api/v7/gateway with None has returned 200
2020-05-01 12:31:50,751:DEBUG:discord.http: GET https://discordapp.com/api/v7/gateway has received {'url': 'wss://gateway.discord.gg'}
2020-05-01 12:31:51,236:INFO:discord.gateway: Created websocket connected to wss://gateway.discord.gg?encoding=json&v=6&compress=zlib-stream
2020-05-01 12:31:51,237:DEBUG:discord.client: Dispatching event socket_raw_receive
2020-05-01 12:31:51,237:DEBUG:discord.gateway: For Shard ID None: WebSocket Event: {'t': None, 's': None, 'op': 10, 'd': {'heartbeat_interval': 41250, '_trace': ['["gateway-prd-main-fswq",{"micros":0.0}]']}}
2020-05-01 12:31:51,237:DEBUG:discord.client: Dispatching event socket_response
2020-05-01 12:31:51,237:DEBUG:discord.client: Dispatching event socket_raw_send
2020-05-01 12:31:51,238:DEBUG:discord.client: Dispatching event socket_raw_send
2020-05-01 12:31:51,238:INFO:discord.gateway: Shard ID None has sent the IDENTIFY payload.
2020-05-01 12:31:51,391:DEBUG:discord.client: Dispatching event socket_raw_receive
2020-05-01 12:31:51,392:DEBUG:discord.gateway: For Shard ID None: WebSocket Event: {'t': None, 's': None, 'op': 11, 'd': None}
2020-05-01 12:31:51,392:DEBUG:discord.client: Dispatching event socket_response
2020-05-01 12:31:51,516:DEBUG:discord.client: Dispatching event socket_raw_receive
2020-05-01 12:31:51,517:DEBUG:discord.gateway: For Shard ID None: WebSocket Event: {'t': 'READY', 's': 1, 'op': 0, 'd': {'v': 6, 'user_settings': {}, 'user': {'verified': True, 'username': 'Andrzej BOT', 'mfa_enabled': False, 'id': '684062130386894970', 'flags': 0, 'email': None, 'discriminator': '6110', 'bot': True, 'avatar': '0a12198391222729a3d6f667eaa6aab0'}, 'session_id': 'b2b3370b1508a6226b12231d279dc821', 'relationships': [], 'private_channels': [], 'presences': [], 'guilds': [{'unavailable': True, 'id': '325345399155982336'}, {'unavailable': True, 'id': '684066716611117136'}], 'application': {'id': '684062130386894970', 'flags': 0}, '_trace': ['["gateway-prd-main-fswq",{"micros":75313,"calls":["discord-sessions-prd-1-31",{"micros":74411,"calls":["start_session",{"micros":72769,"calls":["api-prd-main-us-east1-38z2",{"micros":68871,"calls":["get_user",{"micros":2516},"add_authorized_ip",{"micros":7891},"get_guilds",{"micros":6741},"coros_wait",{"micros":1}]}]},"guilds_connect",{"micros":2,"calls":[]},"presence_connect",{"micros":1,"calls":[]}]}]}]']}}
2020-05-01 12:31:51,517:DEBUG:discord.client: Dispatching event socket_response
2020-05-01 12:31:51,517:INFO:discord.gateway: Shard ID None has connected to Gateway: ["gateway-prd-main-fswq",{"micros":75313,"calls":["discord-sessions-prd-1-31",{"micros":74411,"calls":["start_session",{"micros":72769,"calls":["api-prd-main-us-east1-38z2",{"micros":68871,"calls":["get_user",{"micros":2516},"add_authorized_ip",{"micros":7891},"get_guilds",{"micros":6741},"coros_wait",{"micros":1}]}]},"guilds_connect",{"micros":2,"calls":[]},"presence_connect",{"micros":1,"calls":[]}]}]}] (Session ID: b2b3370b1508a6226b12231d279dc821).
2020-05-01 12:31:51,525:DEBUG:discord.client: Dispatching event connect
2020-05-01 12:31:51,525:DEBUG:discord.client: Dispatching event socket_raw_receive
2020-05-01 12:31:51,525:DEBUG:discord.gateway: For Shard ID None: WebSocket Event: {'t': 'GUILD_CREATE', 's': 2, 'op': 0, 'd': {'presences': [{'user': {'id': '325291113323692033'}, 'status': 'online', 'game': None, 'client_status': {'desktop': 'online'}, 'activities': []}, {'user': {'id': '684062130386894970'}, 'status': 'online', 'game': None, 'client_status': {'web': 'online'}, 'activities': []}], 'afk_timeout': 300, 'mfa_level': 0, 'features': [], 'lazy': True, 'vanity_url_code': None, 'rules_channel_id': None, 'application_id': None, 'system_channel_id': None, 'public_updates_channel_id': None, 'large': False, 'premium_tier': 0, 'roles': [{'position': 0, 'permissions': 104324673, 'name': '@everyone', 'mentionable': False, 'managed': False, 'id': '325345399155982336', 'hoist': False, 'color': 0}, {'position': 1, 'permissions': 8, 'name': 'Andrzej BOT', 'mentionable': False, 'managed': True, 'id': '684064373169324038', 'hoist': False, 'color': 0}], 'discovery_splash': None, 'banner': None, 'system_channel_flags': 0, 'voice_states': [], 'max_video_channel_users': 25, 'icon': None, 'region': 'eu-central', 'verification_level': 0, 'preferred_locale': 'en-US', 'name': 'ale farciarz', 'premium_subscription_count': 0, 'channels': [{'type': 0, 'topic': None, 'rate_limit_per_user': 0, 'position': 0, 'permission_overwrites': [], 'name': 'general', 'last_message_id': '373479639173038090', 'id': '325345399155982336'}, {'user_limit': 0, 'type': 2, 'position': 0, 'permission_overwrites': [], 'name': 'General', 'id': '325345399155982337', 'bitrate': 64000}], 'default_message_notifications': 0, 'owner_id': '325291113323692033', 'joined_at': '2020-03-02T15:47:35.890000+00:00', 'explicit_content_filter': 0, 'afk_channel_id': None, 'unavailable': False, 'emojis': [], 'member_count': 4, 'description': None, 'members': [{'user': {'username': 'Kossar', 'id': '325291113323692033', 'discriminator': '7686', 'avatar': '5243c68bf00fe4bc82f63666fc65bbcc'}, 'roles': [], 'mute': False, 'joined_at': '2017-06-16T18:46:27.787000+00:00', 'hoisted_role': None, 'deaf': False}, {'user': {'username': 'BestBeaterEver', 'id': '325345972630716416', 'discriminator': '5070', 'avatar': 'cedfc9a04b9f9220558ef1f002aa044f'}, 'roles': [], 'mute': False, 'joined_at': '2017-06-16T18:53:43.491000+00:00', 'hoisted_role': None, 'deaf': False}, {'user': {'username': 'Luki99', 'id': '342327359854346241', 'discriminator': '5818', 'avatar': None}, 'roles': [], 'mute': False, 'joined_at': '2017-08-09T12:37:48.144000+00:00', 'hoisted_role': None, 'deaf': False}, {'user': {'username': 'Andrzej BOT', 'id': '684062130386894970', 'discriminator': '6110', 'bot': True, 'avatar': '0a12198391222729a3d6f667eaa6aab0'}, 'roles': ['684064373169324038'], 'mute': False, 'joined_at': '2020-03-02T15:47:35.890000+00:00', 'hoisted_role': None, 'deaf': False}], 'splash': None, 'id': '325345399155982336'}}
2020-05-01 12:31:51,525:DEBUG:discord.client: Dispatching event socket_response
2020-05-01 12:31:51,526:DEBUG:discord.client: Dispatching event guild_available
2020-05-01 12:31:51,526:DEBUG:discord.client: Dispatching event socket_raw_receive
2020-05-01 12:31:51,526:DEBUG:discord.gateway: For Shard ID None: WebSocket Event: {'t': 'GUILD_CREATE', 's': 3, 'op': 0, 'd': {'presences': [{'user': {'id': '325291113323692033'}, 'status': 'online', 'game': None, 'client_status': {'desktop': 'online'}, 'activities': []}, {'user': {'id': '684062130386894970'}, 'status': 'online', 'game': None, 'client_status': {'web': 'online'}, 'activities': []}], 'afk_timeout': 300, 'mfa_level': 0, 'features': [], 'lazy': True, 'vanity_url_code': None, 'rules_channel_id': None, 'application_id': None, 'system_channel_id': '684066717055320064', 'public_updates_channel_id': None, 'large': False, 'premium_tier': 0, 'roles': [{'position': 0, 'permissions': 104324673, 'name': '@everyone', 'mentionable': False, 'managed': False, 'id': '684066716611117136', 'hoist': False, 'color': 0}, {'position': 2, 'permissions': 8, 'name': 'Andrzej BOT', 'mentionable': False, 'managed': True, 'id': '684066825679667240', 'hoist': False, 'color': 0}, {'position': 1, 'permissions': 104324681, 'name': 'admin', 'mentionable': False, 'managed': False, 'id': '686177441353302069', 'hoist': False, 'color': 3447003}], 'discovery_splash': None, 'banner': None, 'system_channel_flags': 0, 'voice_states': [], 'max_video_channel_users': 25, 'icon': None, 'region': 'europe', 'verification_level': 0, 'preferred_locale': 'en-US', 'name': 'Server Andrzeja', 'premium_subscription_count': 0, 'channels': [{'type': 4, 'position': 0, 'permission_overwrites': [], 'name': 'Kanały tekstowe', 'id': '684066717051125838'}, {'type': 4, 'position': 0, 'permission_overwrites': [], 'name': 'Kanały głosowe', 'id': '684066717051125841'}, {'type': 0, 'topic': None, 'rate_limit_per_user': 0, 'position': 0, 'permission_overwrites': [], 'parent_id': '684066717051125838', 'name': 'ogólny', 'last_message_id': '705726529925283850', 'id': '684066717055320064'}, {'user_limit': 0, 'type': 2, 'position': 0, 'permission_overwrites': [], 'parent_id': '684066717051125841', 'name': 'Ogólne', 'id': '684066717055320067', 'bitrate': 64000}], 'default_message_notifications': 0, 'owner_id': '325291113323692033', 'joined_at': '2020-03-02T15:57:20.597000+00:00', 'explicit_content_filter': 0, 'afk_channel_id': None, 'unavailable': False, 'emojis': [], 'member_count': 3, 'description': None, 'members': [{'user': {'username': 'Kossar', 'id': '325291113323692033', 'discriminator': '7686', 'avatar': '5243c68bf00fe4bc82f63666fc65bbcc'}, 'roles': ['686177441353302069'], 'mute': False, 'joined_at': '2020-03-02T15:56:54.655000+00:00', 'hoisted_role': None, 'deaf': False}, {'user': {'username': 'Loach', 'id': '376863468122537985', 'discriminator': '9376', 'avatar': 'b0f0c60bc3b937345b87412bbb334e0d'}, 'roles': [], 'mute': False, 'joined_at': '2020-03-02T16:38:02.985000+00:00', 'hoisted_role': None, 'deaf': False}, {'user': {'username': 'Andrzej BOT', 'id': '684062130386894970', 'discriminator': '6110', 'bot': True, 'avatar': '0a12198391222729a3d6f667eaa6aab0'}, 'roles': ['684066825679667240'], 'mute': False, 'joined_at': '2020-03-02T15:57:20.597000+00:00', 'hoisted_role': None, 'deaf': False}], 'splash': None, 'id': '684066716611117136'}}
2020-05-01 12:31:51,526:DEBUG:discord.client: Dispatching event socket_response
2020-05-01 12:31:51,526:DEBUG:discord.client: Dispatching event guild_available
2020-05-01 12:31:53,526:DEBUG:discord.client: Dispatching event ready
2020-05-01 12:31:56,827:DEBUG:discord.client: Dispatching event socket_raw_receive
2020-05-01 12:31:56,828:DEBUG:discord.gateway: For Shard ID None: WebSocket Event: {'t': 'TYPING_START', 's': 4, 'op': 0, 'd': {'user_id': '325291113323692033', 'timestamp': 1588329116, 'member': {'user': {'username': 'Kossar', 'id': '325291113323692033', 'discriminator': '7686', 'avatar': '5243c68bf00fe4bc82f63666fc65bbcc'}, 'roles': ['686177441353302069'], 'mute': False, 'joined_at': '2020-03-02T15:56:54.655000+00:00', 'hoisted_role': None, 'deaf': False}, 'channel_id': '684066717055320064', 'guild_id': '684066716611117136'}}
2020-05-01 12:31:56,828:DEBUG:discord.client: Dispatching event socket_response
2020-05-01 12:31:56,828:DEBUG:discord.client: Dispatching event typing
2020-05-01 12:32:02,012:DEBUG:discord.client: Dispatching event socket_raw_receive
2020-05-01 12:32:02,012:DEBUG:discord.gateway: For Shard ID None: WebSocket Event: {'t': 'MESSAGE_CREATE', 's': 5, 'op': 0, 'd': {'type': 0, 'tts': False, 'timestamp': '2020-05-01T10:32:02.027000+00:00', 'pinned': False, 'nonce': '705728229477974016', 'mentions': [], 'mention_roles': [], 'mention_everyone': False, 'member': {'roles': ['686177441353302069'], 'mute': False, 'joined_at': '2020-03-02T15:56:54.655000+00:00', 'hoisted_role': None, 'deaf': False}, 'id': '705728230832865280', 'flags': 0, 'embeds': [], 'edited_timestamp': None, 'content': '/cov Poland', 'channel_id': '684066717055320064', 'author': {'username': 'Kossar', 'public_flags': 0, 'id': '325291113323692033', 'discriminator': '7686', 'avatar': '5243c68bf00fe4bc82f63666fc65bbcc'}, 'attachments': [], 'guild_id': '684066716611117136'}}
2020-05-01 12:32:02,012:DEBUG:discord.client: Dispatching event socket_response
2020-05-01 12:32:02,013:DEBUG:discord.client: Dispatching event message
2020-05-01 12:32:02,013:DEBUG:discord.client: Dispatching event command
2020-05-01 12:32:02,210:DEBUG:discord.client: Dispatching event socket_raw_receive
2020-05-01 12:32:02,210:DEBUG:discord.gateway: For Shard ID None: WebSocket Event: {'t': 'MESSAGE_CREATE', 's': 6, 'op': 0, 'd': {'type': 0, 'tts': False, 'timestamp': '2020-05-01T10:32:02.213000+00:00', 'pinned': False, 'mentions': [], 'mention_roles': [], 'mention_everyone': False, 'member': {'roles': ['684066825679667240'], 'mute': False, 'joined_at': '2020-03-02T15:57:20.597000+00:00', 'hoisted_role': None, 'deaf': False}, 'id': '705728231613005875', 'flags': 0, 'embeds': [], 'edited_timestamp': None, 'content': 'There are already 12218 cases in  Poland', 'channel_id': '684066717055320064', 'author': {'username': 'Andrzej BOT', 'public_flags': 0, 'id': '684062130386894970', 'discriminator': '6110', 'bot': True, 'avatar': '0a12198391222729a3d6f667eaa6aab0'}, 'attachments': [], 'guild_id': '684066716611117136'}}
2020-05-01 12:32:02,210:DEBUG:discord.client: Dispatching event socket_response
2020-05-01 12:32:02,210:DEBUG:discord.client: Dispatching event message
2020-05-01 12:32:02,226:DEBUG:discord.http: POST https://discordapp.com/api/v7/channels/684066717055320064/messages with {"content":"There are already 12218 cases in  Poland"} has returned 200
2020-05-01 12:32:02,226:DEBUG:discord.http: POST https://discordapp.com/api/v7/channels/684066717055320064/messages has received {'id': '705728231613005875', 'type': 0, 'content': 'There are already 12218 cases in  Poland', 'channel_id': '684066717055320064', 'author': {'id': '684062130386894970', 'username': 'Andrzej BOT', 'avatar': '0a12198391222729a3d6f667eaa6aab0', 'discriminator': '6110', 'public_flags': 0, 'bot': True}, 'attachments': [], 'embeds': [], 'mentions': [], 'mention_roles': [], 'pinned': False, 'mention_everyone': False, 'tts': False, 'timestamp': '2020-05-01T10:32:02.213000+00:00', 'edited_timestamp': None, 'flags': 0}
2020-05-01 12:32:02,228:DEBUG:discord.client: Dispatching event command_completion
2020-05-01 12:32:32,489:DEBUG:discord.gateway: Keeping websocket alive with sequence 6.
2020-05-01 12:32:32,489:DEBUG:discord.client: Dispatching event socket_raw_send
2020-05-01 12:32:32,705:DEBUG:discord.client: Dispatching event socket_raw_receive
2020-05-01 12:32:32,706:DEBUG:discord.gateway: For Shard ID None: WebSocket Event: {'t': None, 's': None, 'op': 11, 'd': None}
2020-05-01 12:32:32,706:DEBUG:discord.client: Dispatching event socket_response
