2020-05-02 11:47:59,479:WARNING:discord.client: PyNaCl is not installed, voice will NOT be supported
2020-05-02 11:47:59,480:DEBUG:discord.client: on_command_error has successfully been registered as an event
2020-05-02 11:47:59,480:INFO:discord.client: logging in using static token
2020-05-02 11:47:59,839:DEBUG:discord.http: GET https://discordapp.com/api/v7/users/@me with None has returned 200
2020-05-02 11:47:59,840:DEBUG:discord.http: GET https://discordapp.com/api/v7/users/@me has received {'id': '684062130386894970', 'username': 'Andrzej BOT', 'avatar': '0a12198391222729a3d6f667eaa6aab0', 'discriminator': '6110', 'public_flags': 0, 'flags': 0, 'bot': True, 'email': None, 'verified': True, 'locale': 'en-US', 'mfa_enabled': False}
2020-05-02 11:47:59,903:DEBUG:discord.http: GET https://discordapp.com/api/v7/gateway with None has returned 200
2020-05-02 11:47:59,903:DEBUG:discord.http: GET https://discordapp.com/api/v7/gateway has received {'url': 'wss://gateway.discord.gg'}
2020-05-02 11:48:00,398:INFO:discord.gateway: Created websocket connected to wss://gateway.discord.gg?encoding=json&v=6&compress=zlib-stream
2020-05-02 11:48:00,398:DEBUG:discord.client: Dispatching event socket_raw_receive
2020-05-02 11:48:00,398:DEBUG:discord.gateway: For Shard ID None: WebSocket Event: {'t': None, 's': None, 'op': 10, 'd': {'heartbeat_interval': 41250, '_trace': ['["gateway-prd-main-83ps",{"micros":0.0}]']}}
2020-05-02 11:48:00,398:DEBUG:discord.client: Dispatching event socket_response
2020-05-02 11:48:00,398:DEBUG:discord.client: Dispatching event socket_raw_send
2020-05-02 11:48:00,399:DEBUG:discord.client: Dispatching event socket_raw_send
2020-05-02 11:48:00,399:INFO:discord.gateway: Shard ID None has sent the IDENTIFY payload.
2020-05-02 11:48:00,539:DEBUG:discord.client: Dispatching event socket_raw_receive
2020-05-02 11:48:00,539:DEBUG:discord.gateway: For Shard ID None: WebSocket Event: {'t': None, 's': None, 'op': 11, 'd': None}
2020-05-02 11:48:00,539:DEBUG:discord.client: Dispatching event socket_response
2020-05-02 11:48:00,718:DEBUG:discord.client: Dispatching event socket_raw_receive
2020-05-02 11:48:00,718:DEBUG:discord.gateway: For Shard ID None: WebSocket Event: {'t': 'READY', 's': 1, 'op': 0, 'd': {'v': 6, 'user_settings': {}, 'user': {'verified': True, 'username': 'Andrzej BOT', 'mfa_enabled': False, 'id': '684062130386894970', 'flags': 0, 'email': None, 'discriminator': '6110', 'bot': True, 'avatar': '0a12198391222729a3d6f667eaa6aab0'}, 'session_id': 'a9e7aa8fa7dec255504476232952dea0', 'relationships': [], 'private_channels': [], 'presences': [], 'guilds': [{'unavailable': True, 'id': '325345399155982336'}, {'unavailable': True, 'id': '684066716611117136'}], 'application': {'id': '684062130386894970', 'flags': 0}, '_trace': ['["gateway-prd-main-83ps",{"micros":74742,"calls":["discord-sessions-prd-1-22",{"micros":67878,"calls":["start_session",{"micros":61746,"calls":["api-prd-main-us-east1-7h22",{"micros":58827,"calls":["get_user",{"micros":7716},"add_authorized_ip",{"micros":1498},"get_guilds",{"micros":1923},"coros_wait",{"micros":1}]}]},"guilds_connect",{"micros":2,"calls":[]},"presence_connect",{"micros":1763,"calls":[]}]}]}]']}}
2020-05-02 11:48:00,718:DEBUG:discord.client: Dispatching event socket_response
2020-05-02 11:48:00,718:INFO:discord.gateway: Shard ID None has connected to Gateway: ["gateway-prd-main-83ps",{"micros":74742,"calls":["discord-sessions-prd-1-22",{"micros":67878,"calls":["start_session",{"micros":61746,"calls":["api-prd-main-us-east1-7h22",{"micros":58827,"calls":["get_user",{"micros":7716},"add_authorized_ip",{"micros":1498},"get_guilds",{"micros":1923},"coros_wait",{"micros":1}]}]},"guilds_connect",{"micros":2,"calls":[]},"presence_connect",{"micros":1763,"calls":[]}]}]}] (Session ID: a9e7aa8fa7dec255504476232952dea0).
2020-05-02 11:48:00,718:DEBUG:discord.client: Dispatching event connect
2020-05-02 11:48:00,718:DEBUG:discord.client: Dispatching event socket_raw_receive
2020-05-02 11:48:00,718:DEBUG:discord.gateway: For Shard ID None: WebSocket Event: {'t': 'GUILD_CREATE', 's': 2, 'op': 0, 'd': {'presences': [{'user': {'id': '325291113323692033'}, 'status': 'online', 'game': None, 'client_status': {'desktop': 'online'}, 'activities': []}, {'user': {'id': '684062130386894970'}, 'status': 'online', 'game': None, 'client_status': {'web': 'online'}, 'activities': []}], 'premium_tier': 0, 'vanity_url_code': None, 'discovery_splash': None, 'verification_level': 0, 'emojis': [], 'public_updates_channel_id': None, 'channels': [{'type': 0, 'topic': None, 'rate_limit_per_user': 0, 'position': 0, 'permission_overwrites': [], 'name': 'general', 'last_message_id': '373479639173038090', 'id': '325345399155982336'}, {'user_limit': 0, 'type': 2, 'position': 0, 'permission_overwrites': [], 'name': 'General', 'id': '325345399155982337', 'bitrate': 64000}], 'banner': None, 'system_channel_id': None, 'large': False, 'splash': None, 'application_id': None, 'features': [], 'afk_timeout': 300, 'voice_states': [], 'members': [{'user': {'username': 'Kossar', 'id': '325291113323692033', 'discriminator': '7686', 'avatar': '5243c68bf00fe4bc82f63666fc65bbcc'}, 'roles': [], 'mute': False, 'joined_at': '2017-06-16T18:46:27.787000+00:00', 'hoisted_role': None, 'deaf': False}, {'user': {'username': 'BestBeaterEver', 'id': '325345972630716416', 'discriminator': '5070', 'avatar': 'cedfc9a04b9f9220558ef1f002aa044f'}, 'roles': [], 'mute': False, 'joined_at': '2017-06-16T18:53:43.491000+00:00', 'hoisted_role': None, 'deaf': False}, {'user': {'username': 'Luki99', 'id': '342327359854346241', 'discriminator': '5818', 'avatar': None}, 'roles': [], 'mute': False, 'joined_at': '2017-08-09T12:37:48.144000+00:00', 'hoisted_role': None, 'deaf': False}, {'user': {'username': 'Andrzej BOT', 'id': '684062130386894970', 'discriminator': '6110', 'bot': True, 'avatar': '0a12198391222729a3d6f667eaa6aab0'}, 'roles': ['684064373169324038'], 'mute': False, 'joined_at': '2020-03-02T15:47:35.890000+00:00', 'hoisted_role': None, 'deaf': False}], 'name': 'ale farciarz', 'roles': [{'position': 0, 'permissions': 104324673, 'name': '@everyone', 'mentionable': False, 'managed': False, 'id': '325345399155982336', 'hoist': False, 'color': 0}, {'position': 1, 'permissions': 8, 'name': 'Andrzej BOT', 'mentionable': False, 'managed': True, 'id': '684064373169324038', 'hoist': False, 'color': 0}], 'region': 'eu-central', 'mfa_level': 0, 'member_count': 4, 'afk_channel_id': None, 'lazy': True, 'max_video_channel_users': 25, 'owner_id': '325291113323692033', 'default_message_notifications': 0, 'unavailable': False, 'premium_subscription_count': 0, 'rules_channel_id': None, 'system_channel_flags': 0, 'preferred_locale': 'en-US', 'description': None, 'explicit_content_filter': 0, 'icon': None, 'id': '325345399155982336', 'joined_at': '2020-03-02T15:47:35.890000+00:00'}}
2020-05-02 11:48:00,718:DEBUG:discord.client: Dispatching event socket_response
2020-05-02 11:48:00,718:DEBUG:discord.client: Dispatching event guild_available
2020-05-02 11:48:00,718:DEBUG:discord.client: Dispatching event socket_raw_receive
2020-05-02 11:48:00,718:DEBUG:discord.gateway: For Shard ID None: WebSocket Event: {'t': 'GUILD_CREATE', 's': 3, 'op': 0, 'd': {'presences': [{'user': {'id': '325291113323692033'}, 'status': 'online', 'game': None, 'client_status': {'desktop': 'online'}, 'activities': []}, {'user': {'id': '684062130386894970'}, 'status': 'online', 'game': None, 'client_status': {'web': 'online'}, 'activities': []}], 'premium_tier': 0, 'vanity_url_code': None, 'discovery_splash': None, 'verification_level': 0, 'emojis': [], 'public_updates_channel_id': None, 'channels': [{'type': 4, 'position': 0, 'permission_overwrites': [], 'name': 'Kanały tekstowe', 'id': '684066717051125838'}, {'type': 4, 'position': 0, 'permission_overwrites': [], 'name': 'Kanały głosowe', 'id': '684066717051125841'}, {'type': 0, 'topic': None, 'rate_limit_per_user': 0, 'position': 0, 'permission_overwrites': [], 'parent_id': '684066717051125838', 'name': 'ogólny', 'last_message_id': '706079346477236254', 'id': '684066717055320064'}, {'user_limit': 0, 'type': 2, 'position': 0, 'permission_overwrites': [], 'parent_id': '684066717051125841', 'name': 'Ogólne', 'id': '684066717055320067', 'bitrate': 64000}], 'banner': None, 'system_channel_id': '684066717055320064', 'large': False, 'splash': None, 'application_id': None, 'features': [], 'afk_timeout': 300, 'voice_states': [], 'members': [{'user': {'username': 'Kossar', 'id': '325291113323692033', 'discriminator': '7686', 'avatar': '5243c68bf00fe4bc82f63666fc65bbcc'}, 'roles': ['686177441353302069'], 'mute': False, 'joined_at': '2020-03-02T15:56:54.655000+00:00', 'hoisted_role': None, 'deaf': False}, {'user': {'username': 'Loach', 'id': '376863468122537985', 'discriminator': '9376', 'avatar': 'b0f0c60bc3b937345b87412bbb334e0d'}, 'roles': [], 'mute': False, 'joined_at': '2020-03-02T16:38:02.985000+00:00', 'hoisted_role': None, 'deaf': False}, {'user': {'username': 'Andrzej BOT', 'id': '684062130386894970', 'discriminator': '6110', 'bot': True, 'avatar': '0a12198391222729a3d6f667eaa6aab0'}, 'roles': ['684066825679667240'], 'mute': False, 'joined_at': '2020-03-02T15:57:20.597000+00:00', 'hoisted_role': None, 'deaf': False}], 'name': 'Server Andrzeja', 'roles': [{'position': 0, 'permissions': 104324673, 'name': '@everyone', 'mentionable': False, 'managed': False, 'id': '684066716611117136', 'hoist': False, 'color': 0}, {'position': 2, 'permissions': 8, 'name': 'Andrzej BOT', 'mentionable': False, 'managed': True, 'id': '684066825679667240', 'hoist': False, 'color': 0}, {'position': 1, 'permissions': 104324681, 'name': 'admin', 'mentionable': False, 'managed': False, 'id': '686177441353302069', 'hoist': False, 'color': 3447003}], 'region': 'europe', 'mfa_level': 0, 'member_count': 3, 'afk_channel_id': None, 'lazy': True, 'max_video_channel_users': 25, 'owner_id': '325291113323692033', 'default_message_notifications': 0, 'unavailable': False, 'premium_subscription_count': 0, 'rules_channel_id': None, 'system_channel_flags': 0, 'preferred_locale': 'en-US', 'description': None, 'explicit_content_filter': 0, 'icon': None, 'id': '684066716611117136', 'joined_at': '2020-03-02T15:57:20.597000+00:00'}}
2020-05-02 11:48:00,718:DEBUG:discord.client: Dispatching event socket_response
2020-05-02 11:48:00,718:DEBUG:discord.client: Dispatching event guild_available
2020-05-02 11:48:02,425:DEBUG:discord.client: Dispatching event socket_raw_receive
2020-05-02 11:48:02,425:DEBUG:discord.gateway: For Shard ID None: WebSocket Event: {'t': 'MESSAGE_CREATE', 's': 4, 'op': 0, 'd': {'type': 0, 'tts': False, 'timestamp': '2020-05-02T09:48:03.570000+00:00', 'pinned': False, 'nonce': '706079546595606528', 'mentions': [], 'mention_roles': [], 'mention_everyone': False, 'member': {'roles': ['686177441353302069'], 'mute': False, 'joined_at': '2020-03-02T15:56:54.655000+00:00', 'hoisted_role': None, 'deaf': False}, 'id': '706079552207585280', 'flags': 0, 'embeds': [], 'edited_timestamp': None, 'content': '/meme', 'channel_id': '684066717055320064', 'author': {'username': 'Kossar', 'public_flags': 0, 'id': '325291113323692033', 'discriminator': '7686', 'avatar': '5243c68bf00fe4bc82f63666fc65bbcc'}, 'attachments': [], 'guild_id': '684066716611117136'}}
2020-05-02 11:48:02,425:DEBUG:discord.client: Dispatching event socket_response
2020-05-02 11:48:02,425:DEBUG:discord.client: Dispatching event message
2020-05-02 11:48:02,425:DEBUG:discord.client: Dispatching event command
2020-05-02 11:48:06,464:DEBUG:discord.client: Dispatching event ready
2020-05-02 11:48:06,634:DEBUG:discord.client: Dispatching event socket_raw_receive
2020-05-02 11:48:06,634:DEBUG:discord.gateway: For Shard ID None: WebSocket Event: {'t': 'MESSAGE_CREATE', 's': 5, 'op': 0, 'd': {'type': 0, 'tts': False, 'timestamp': '2020-05-02T09:48:07.785000+00:00', 'pinned': False, 'mentions': [], 'mention_roles': [], 'mention_everyone': False, 'member': {'roles': ['684066825679667240'], 'mute': False, 'joined_at': '2020-03-02T15:57:20.597000+00:00', 'hoisted_role': None, 'deaf': False}, 'id': '706079569886576700', 'flags': 0, 'embeds': [], 'edited_timestamp': None, 'content': 'As USB-c becomes the standard, one day, we will all start throwing our MicroUSB connectors in boxes and keeping them forever for no reason just like our parents used to store VCR cables.', 'channel_id': '684066717055320064', 'author': {'username': 'Andrzej BOT', 'public_flags': 0, 'id': '684062130386894970', 'discriminator': '6110', 'bot': True, 'avatar': '0a12198391222729a3d6f667eaa6aab0'}, 'attachments': [], 'guild_id': '684066716611117136'}}
2020-05-02 11:48:06,634:DEBUG:discord.client: Dispatching event socket_response
2020-05-02 11:48:06,634:DEBUG:discord.client: Dispatching event message
2020-05-02 11:48:06,649:DEBUG:discord.http: POST https://discordapp.com/api/v7/channels/684066717055320064/messages with {"content":"As USB-c becomes the standard, one day, we will all start throwing our MicroUSB connectors in boxes and keeping them forever for no reason just like our parents used to store VCR cables."} has returned 200
2020-05-02 11:48:06,649:DEBUG:discord.http: POST https://discordapp.com/api/v7/channels/684066717055320064/messages has received {'id': '706079569886576700', 'type': 0, 'content': 'As USB-c becomes the standard, one day, we will all start throwing our MicroUSB connectors in boxes and keeping them forever for no reason just like our parents used to store VCR cables.', 'channel_id': '684066717055320064', 'author': {'id': '684062130386894970', 'username': 'Andrzej BOT', 'avatar': '0a12198391222729a3d6f667eaa6aab0', 'discriminator': '6110', 'public_flags': 0, 'bot': True}, 'attachments': [], 'embeds': [], 'mentions': [], 'mention_roles': [], 'pinned': False, 'mention_everyone': False, 'tts': False, 'timestamp': '2020-05-02T09:48:07.785000+00:00', 'edited_timestamp': None, 'flags': 0}
2020-05-02 11:48:06,842:DEBUG:discord.http: POST https://discordapp.com/api/v7/channels/684066717055320064/messages with {} has returned 400
2020-05-02 11:48:06,842:DEBUG:discord.client: Dispatching event command_error
2020-05-02 11:48:41,650:DEBUG:discord.gateway: Keeping websocket alive with sequence 5.
2020-05-02 11:48:41,650:DEBUG:discord.client: Dispatching event socket_raw_send
2020-05-02 11:48:41,802:DEBUG:discord.client: Dispatching event socket_raw_receive
2020-05-02 11:48:41,803:DEBUG:discord.gateway: For Shard ID None: WebSocket Event: {'t': None, 's': None, 'op': 11, 'd': None}
2020-05-02 11:48:41,803:DEBUG:discord.client: Dispatching event socket_response
2020-05-02 11:49:22,904:DEBUG:discord.gateway: Keeping websocket alive with sequence 5.
2020-05-02 11:49:22,904:DEBUG:discord.client: Dispatching event socket_raw_send
2020-05-02 11:49:23,053:DEBUG:discord.client: Dispatching event socket_raw_receive
2020-05-02 11:49:23,053:DEBUG:discord.gateway: For Shard ID None: WebSocket Event: {'t': None, 's': None, 'op': 11, 'd': None}
2020-05-02 11:49:23,053:DEBUG:discord.client: Dispatching event socket_response
